Invalid HTTP_HOST header: '1f8e-2409-40c4-11c7-1e2b-9d93-4c7f-6588-bae7.ngrok-free.app'. You may need to add '1f8e-2409-40c4-11c7-1e2b-9d93-4c7f-6588-bae7.ngrok-free.app' to ALLOWED_HOSTS.
Traceback (most recent call last):
  File "/home/amar-kumar/Desktop/apps/lib/python3.12/site-packages/django/core/handlers/exception.py", line 55, in inner
    response = get_response(request)
               ^^^^^^^^^^^^^^^^^^^^^
  File "/home/amar-kumar/Desktop/apps/lib/python3.12/site-packages/django/utils/deprecation.py", line 128, in __call__
    response = self.process_request(request)
               ^^^^^^^^^^^^^^^^^^^^^^^^^^^^^
  File "/home/amar-kumar/Desktop/apps/lib/python3.12/site-packages/django/middleware/security.py", line 28, in process_request
    host = self.redirect_host or request.get_host()
                                 ^^^^^^^^^^^^^^^^^^
  File "/home/amar-kumar/Desktop/apps/lib/python3.12/site-packages/django/http/request.py", line 151, in get_host
    raise DisallowedHost(msg)
django.core.exceptions.DisallowedHost: Invalid HTTP_HOST header: '1f8e-2409-40c4-11c7-1e2b-9d93-4c7f-6588-bae7.ngrok-free.app'. You may need to add '1f8e-2409-40c4-11c7-1e2b-9d93-4c7f-6588-bae7.ngrok-free.app' to ALLOWED_HOSTS.
Invalid HTTP_HOST header: '1f8e-2409-40c4-11c7-1e2b-9d93-4c7f-6588-bae7.ngrok-free.app'. You may need to add '1f8e-2409-40c4-11c7-1e2b-9d93-4c7f-6588-bae7.ngrok-free.app' to ALLOWED_HOSTS.
Traceback (most recent call last):
  File "/home/amar-kumar/Desktop/apps/lib/python3.12/site-packages/django/core/handlers/exception.py", line 55, in inner
    response = get_response(request)
               ^^^^^^^^^^^^^^^^^^^^^
  File "/home/amar-kumar/Desktop/apps/lib/python3.12/site-packages/django/utils/deprecation.py", line 128, in __call__
    response = self.process_request(request)
               ^^^^^^^^^^^^^^^^^^^^^^^^^^^^^
  File "/home/amar-kumar/Desktop/apps/lib/python3.12/site-packages/django/middleware/security.py", line 28, in process_request
    host = self.redirect_host or request.get_host()
                                 ^^^^^^^^^^^^^^^^^^
  File "/home/amar-kumar/Desktop/apps/lib/python3.12/site-packages/django/http/request.py", line 151, in get_host
    raise DisallowedHost(msg)
django.core.exceptions.DisallowedHost: Invalid HTTP_HOST header: '1f8e-2409-40c4-11c7-1e2b-9d93-4c7f-6588-bae7.ngrok-free.app'. You may need to add '1f8e-2409-40c4-11c7-1e2b-9d93-4c7f-6588-bae7.ngrok-free.app' to ALLOWED_HOSTS.
Forbidden (CSRF token from POST incorrect.): /authentication/login
Forbidden (CSRF token from POST incorrect.): /dasha-and-antardasha-preditions/index
Forbidden (CSRF token missing.): /kundli-preditions/index
Forbidden (CSRF token missing.): /kundli-preditions/index
Invalid HTTP_HOST header: 'localhost:8000'. You may need to add 'localhost' to ALLOWED_HOSTS.
Traceback (most recent call last):
  File "/home/amar-kumar/Desktop/apps/lib/python3.12/site-packages/django/core/handlers/exception.py", line 55, in inner
    response = get_response(request)
               ^^^^^^^^^^^^^^^^^^^^^
  File "/home/amar-kumar/Desktop/apps/lib/python3.12/site-packages/django/utils/deprecation.py", line 128, in __call__
    response = self.process_request(request)
               ^^^^^^^^^^^^^^^^^^^^^^^^^^^^^
  File "/home/amar-kumar/Desktop/apps/lib/python3.12/site-packages/django/middleware/common.py", line 48, in process_request
    host = request.get_host()
           ^^^^^^^^^^^^^^^^^^
  File "/home/amar-kumar/Desktop/apps/lib/python3.12/site-packages/django/http/request.py", line 151, in get_host
    raise DisallowedHost(msg)
django.core.exceptions.DisallowedHost: Invalid HTTP_HOST header: 'localhost:8000'. You may need to add 'localhost' to ALLOWED_HOSTS.
Invalid HTTP_HOST header: 'localhost:8000'. You may need to add 'localhost' to ALLOWED_HOSTS.
Traceback (most recent call last):
  File "/home/amar-kumar/Desktop/apps/lib/python3.12/site-packages/django/core/handlers/exception.py", line 55, in inner
    response = get_response(request)
               ^^^^^^^^^^^^^^^^^^^^^
  File "/home/amar-kumar/Desktop/apps/lib/python3.12/site-packages/django/utils/deprecation.py", line 128, in __call__
    response = self.process_request(request)
               ^^^^^^^^^^^^^^^^^^^^^^^^^^^^^
  File "/home/amar-kumar/Desktop/apps/lib/python3.12/site-packages/django/middleware/common.py", line 48, in process_request
    host = request.get_host()
           ^^^^^^^^^^^^^^^^^^
  File "/home/amar-kumar/Desktop/apps/lib/python3.12/site-packages/django/http/request.py", line 151, in get_host
    raise DisallowedHost(msg)
django.core.exceptions.DisallowedHost: Invalid HTTP_HOST header: 'localhost:8000'. You may need to add 'localhost' to ALLOWED_HOSTS.
Invalid HTTP_HOST header: 'localhost:8000'. You may need to add 'localhost' to ALLOWED_HOSTS.
Traceback (most recent call last):
  File "/home/amar-kumar/Desktop/apps/lib/python3.12/site-packages/django/core/handlers/exception.py", line 55, in inner
    response = get_response(request)
               ^^^^^^^^^^^^^^^^^^^^^
  File "/home/amar-kumar/Desktop/apps/lib/python3.12/site-packages/django/utils/deprecation.py", line 128, in __call__
    response = self.process_request(request)
               ^^^^^^^^^^^^^^^^^^^^^^^^^^^^^
  File "/home/amar-kumar/Desktop/apps/lib/python3.12/site-packages/django/middleware/common.py", line 48, in process_request
    host = request.get_host()
           ^^^^^^^^^^^^^^^^^^
  File "/home/amar-kumar/Desktop/apps/lib/python3.12/site-packages/django/http/request.py", line 151, in get_host
    raise DisallowedHost(msg)
django.core.exceptions.DisallowedHost: Invalid HTTP_HOST header: 'localhost:8000'. You may need to add 'localhost' to ALLOWED_HOSTS.
Invalid HTTP_HOST header: 'localhost:8000'. You may need to add 'localhost' to ALLOWED_HOSTS.
Traceback (most recent call last):
  File "/home/amar-kumar/Desktop/apps/lib/python3.12/site-packages/django/core/handlers/exception.py", line 55, in inner
    response = get_response(request)
               ^^^^^^^^^^^^^^^^^^^^^
  File "/home/amar-kumar/Desktop/apps/lib/python3.12/site-packages/django/utils/deprecation.py", line 128, in __call__
    response = self.process_request(request)
               ^^^^^^^^^^^^^^^^^^^^^^^^^^^^^
  File "/home/amar-kumar/Desktop/apps/lib/python3.12/site-packages/django/middleware/common.py", line 48, in process_request
    host = request.get_host()
           ^^^^^^^^^^^^^^^^^^
  File "/home/amar-kumar/Desktop/apps/lib/python3.12/site-packages/django/http/request.py", line 151, in get_host
    raise DisallowedHost(msg)
django.core.exceptions.DisallowedHost: Invalid HTTP_HOST header: 'localhost:8000'. You may need to add 'localhost' to ALLOWED_HOSTS.
ManagementForm data is missing or has been tampered with
Traceback (most recent call last):
  File "/home/amar-kumar/Desktop/apps/lib/python3.12/site-packages/django/core/handlers/exception.py", line 55, in inner
    response = get_response(request)
               ^^^^^^^^^^^^^^^^^^^^^
  File "/home/amar-kumar/Desktop/apps/lib/python3.12/site-packages/django/core/handlers/base.py", line 197, in _get_response
    response = wrapped_callback(request, *callback_args, **callback_kwargs)
               ^^^^^^^^^^^^^^^^^^^^^^^^^^^^^^^^^^^^^^^^^^^^^^^^^^^^^^^^^^^^
  File "/home/amar-kumar/Desktop/apps/lib/python3.12/site-packages/django/views/generic/base.py", line 104, in view
    return self.dispatch(request, *args, **kwargs)
           ^^^^^^^^^^^^^^^^^^^^^^^^^^^^^^^^^^^^^^^
  File "/home/amar-kumar/Desktop/apps/lib/python3.12/site-packages/django/utils/decorators.py", line 48, in _wrapper
    return bound_method(*args, **kwargs)
           ^^^^^^^^^^^^^^^^^^^^^^^^^^^^^
  File "/home/amar-kumar/Desktop/apps/lib/python3.12/site-packages/django/views/decorators/cache.py", line 80, in _view_wrapper
    response = view_func(request, *args, **kwargs)
               ^^^^^^^^^^^^^^^^^^^^^^^^^^^^^^^^^^^
  File "/home/amar-kumar/Desktop/apps/lib/python3.12/site-packages/django/contrib/auth/decorators.py", line 60, in _view_wrapper
    return view_func(request, *args, **kwargs)
           ^^^^^^^^^^^^^^^^^^^^^^^^^^^^^^^^^^^
  File "/home/amar-kumar/Desktop/apps/lib/python3.12/site-packages/formtools/wizard/views.py", line 250, in dispatch
    response = super().dispatch(request, *args, **kwargs)
               ^^^^^^^^^^^^^^^^^^^^^^^^^^^^^^^^^^^^^^^^^^
  File "/home/amar-kumar/Desktop/apps/lib/python3.12/site-packages/django/views/generic/base.py", line 143, in dispatch
    return handler(request, *args, **kwargs)
           ^^^^^^^^^^^^^^^^^^^^^^^^^^^^^^^^^
  File "/home/amar-kumar/Desktop/apps/lib/python3.12/site-packages/two_factor/views/utils.py", line 145, in post
    raise SuspiciousOperation(_('ManagementForm data is missing or has been tampered with'))
django.core.exceptions.SuspiciousOperation: ManagementForm data is missing or has been tampered with
Forbidden (CSRF token missing.): /dashboard/enable/2fa
Forbidden (CSRF token from the 'X-Csrftoken' HTTP header has incorrect length.): /dashboard/change-email/{% url 'emai_generate_otp' %}
Forbidden (CSRF token from the 'X-Csrftoken' HTTP header has incorrect length.): /dashboard/change-email/{% url 'emai_generate_otp' %}
Forbidden (CSRF token from the 'X-Csrftoken' HTTP header has incorrect length.): /dashboard/change-email/{% url 'emai_generate_otp' %}
Forbidden (CSRF token from the 'X-Csrftoken' HTTP header has incorrect length.): /dashboard/change-email/{% url 'emai_generate_otp' %}
Forbidden (CSRF token from the 'X-Csrftoken' HTTP header has incorrect length.): /change-email/generate-otp/
